<?xml version="1.0" encoding="UTF-8"?>
<testsuites>
    <testsuite name="usc_2;pewpew" tests="5" failures="0" skipped="0">
        <properties>
            <property name="URI" value="C:/Users/danol/OneDrive/Skrivbord/mvt18/testdesign/Sprint1/banken/BankTest/features/case_1.feature">
            </property>
        </properties>
        <testcase name="Given Överföringar andra konton has loaded" classname="usc_2;pewpew" time="3.9489173">
        </testcase>
        <testcase name="And I have Entered the correct information" classname="usc_2;pewpew" time="0.0001798">
        </testcase>
        <testcase name="When i click the send button" classname="usc_2;pewpew" time="0.000094699">
        </testcase>
        <testcase name="And i Click the confirmation promt" classname="usc_2;pewpew" time="0.0000601">
        </testcase>
        <testcase name="Then i should have the sum taken from my account" classname="usc_2;pewpew" time="0.0001001">
        </testcase>
    </testsuite>
    <testsuite name="usc_2;pewpew" tests="4" failures="0" skipped="0">
        <properties>
            <property name="URI" value="C:/Users/danol/OneDrive/Skrivbord/mvt18/testdesign/Sprint1/banken/BankTest/features/case_2.feature">
            </property>
        </properties>
        <testcase name="Given my-accounts page loaded" classname="usc_2;pewpew" time="3.2641709">
        </testcase>
        <testcase name="And i have enterd my account" classname="usc_2;pewpew" time="0.069553601">
        </testcase>
        <testcase name="When And i Click Visa mer" classname="usc_2;pewpew" time="0.1229502">
        </testcase>
        <testcase name="Then i should see more of my transaction history for that account" classname="usc_2;pewpew" time="0.0086999">
        </testcase>
    </testsuite>
</testsuites>