<?xml version="1.0" encoding="UTF-8"?>
<testsuites>
    <testsuite name="usc_1;bg-transfer" tests="5" failures="0" skipped="0">
        <properties>
            <property name="URI" value="C:/Users/Christoffer/Documents/Programmering/Gruppuppgift-Bank/Bank-master/features/case_1.feature">
            </property>
        </properties>
        <testcase name="Given Överföringar andra konton has loaded" classname="usc_1;bg-transfer" time="6.712950801">
        </testcase>
        <testcase name="And I have Entered the correct BG information" classname="usc_1;bg-transfer" time="0.651003399">
        </testcase>
        <testcase name="When i click the send button" classname="usc_1;bg-transfer" time="0.1264162">
        </testcase>
        <testcase name="And i Click the confirmation promt" classname="usc_1;bg-transfer" time="0.5163059">
        </testcase>
        <testcase name="Then i should have the sum taken from my account" classname="usc_1;bg-transfer" time="0.037696901">
        </testcase>
    </testsuite>
    <testsuite name="usc_1;pg-transfer" tests="5" failures="0" skipped="0">
        <properties>
            <property name="URI" value="C:/Users/Christoffer/Documents/Programmering/Gruppuppgift-Bank/Bank-master/features/case_1.feature">
            </property>
        </properties>
        <testcase name="Given Överföringar andra konton has loaded" classname="usc_1;pg-transfer" time="6.071855">
        </testcase>
        <testcase name="And I have Entered the correct PG information" classname="usc_1;pg-transfer" time="0.60452">
        </testcase>
        <testcase name="When i click the send button" classname="usc_1;pg-transfer" time="0.1344283">
        </testcase>
        <testcase name="And i Click the confirmation promt" classname="usc_1;pg-transfer" time="0.517564201">
        </testcase>
        <testcase name="Then i should have the sum taken from my account" classname="usc_1;pg-transfer" time="0.0702862">
        </testcase>
    </testsuite>
    <testsuite name="usc_1;other-transfer" tests="5" failures="0" skipped="0">
        <properties>
            <property name="URI" value="C:/Users/Christoffer/Documents/Programmering/Gruppuppgift-Bank/Bank-master/features/case_1.feature">
            </property>
        </properties>
        <testcase name="Given Överföringar andra konton has loaded" classname="usc_1;other-transfer" time="6.0950701">
        </testcase>
        <testcase name="And I have Entered the correct Other information" classname="usc_1;other-transfer" time="0.562684901">
        </testcase>
        <testcase name="When i click the send button" classname="usc_1;other-transfer" time="0.116098501">
        </testcase>
        <testcase name="And i Click the confirmation promt" classname="usc_1;other-transfer" time="0.514667699">
        </testcase>
        <testcase name="Then i should have the sum taken from my account" classname="usc_1;other-transfer" time="0.037032499">
        </testcase>
    </testsuite>
    <testsuite name="usc_1;over-the-transfer-limit" tests="4" failures="0" skipped="0">
        <properties>
            <property name="URI" value="C:/Users/Christoffer/Documents/Programmering/Gruppuppgift-Bank/Bank-master/features/case_1.feature">
            </property>
        </properties>
        <testcase name="Given Överföringar andra konton has loaded" classname="usc_1;over-the-transfer-limit" time="6.1874232">
        </testcase>
        <testcase name="And I have Entered the correct information for transfer over the limit" classname="usc_1;over-the-transfer-limit" time="0.6884755">
        </testcase>
        <testcase name="When i click the send button" classname="usc_1;over-the-transfer-limit" time="0.1137977">
        </testcase>
        <testcase name="Then I should recieve an error message" classname="usc_1;over-the-transfer-limit" time="0.092214101">
        </testcase>
    </testsuite>
    <testsuite name="usc_1;over-the-account-balance" tests="4" failures="0" skipped="0">
        <properties>
            <property name="URI" value="C:/Users/Christoffer/Documents/Programmering/Gruppuppgift-Bank/Bank-master/features/case_1.feature">
            </property>
        </properties>
        <testcase name="Given Överföringar andra konton has loaded" classname="usc_1;over-the-account-balance" time="6.037646199">
        </testcase>
        <testcase name="And I have Entered the correct information for transfer over the account balance" classname="usc_1;over-the-account-balance" time="0.6752055">
        </testcase>
        <testcase name="When i click the send button" classname="usc_1;over-the-account-balance" time="0.155045001">
        </testcase>
        <testcase name="Then I should recieve an error message" classname="usc_1;over-the-account-balance" time="0.053640701">
        </testcase>
    </testsuite>
    <testsuite name="usc_1;pewpew" tests="4" failures="0" skipped="0">
        <properties>
            <property name="URI" value="C:/Users/Christoffer/Documents/Programmering/Gruppuppgift-Bank/Bank-master/features/case_2.feature">
            </property>
        </properties>
        <testcase name="Given my-accounts page loaded" classname="usc_1;pewpew" time="4.022911601">
        </testcase>
        <testcase name="And i have enterd my account" classname="usc_1;pewpew" time="0.1975594">
        </testcase>
        <testcase name="When And i Click Visa mer" classname="usc_1;pewpew" time="0.221432199">
        </testcase>
        <testcase name="Then i should see more of my transaction history for that account" classname="usc_1;pewpew" time="0.017771">
        </testcase>
    </testsuite>
    <testsuite name="as-a-customer-i-want-to-be-able-to-create,-change-and-delete-accounts.;creating-an-account" tests="4" failures="0" skipped="0">
        <properties>
            <property name="URI" value="C:/Users/Christoffer/Documents/Programmering/Gruppuppgift-Bank/Bank-master/features/konto_changes.feature">
            </property>
        </properties>
        <testcase name="Given my-accounts page loaded properly" classname="as-a-customer-i-want-to-be-able-to-create,-change-and-delete-accounts.;creating-an-account" time="4.1212443">
        </testcase>
        <testcase name="When I click the add account button I get prompted to enter a name for the account" classname="as-a-customer-i-want-to-be-able-to-create,-change-and-delete-accounts.;creating-an-account" time="0.5333423">
        </testcase>
        <testcase name="And I enter TestKonto1 as name and click the add button" classname="as-a-customer-i-want-to-be-able-to-create,-change-and-delete-accounts.;creating-an-account" time="0.554561099">
        </testcase>
        <testcase name="Then the account TestKonto1 is created" classname="as-a-customer-i-want-to-be-able-to-create,-change-and-delete-accounts.;creating-an-account" time="0.3236641">
        </testcase>
    </testsuite>
    <testsuite name="as-a-customer-i-want-to-be-able-to-create,-change-and-delete-accounts.;renaming-an-account" tests="4" failures="0" skipped="0">
        <properties>
            <property name="URI" value="C:/Users/Christoffer/Documents/Programmering/Gruppuppgift-Bank/Bank-master/features/konto_changes.feature">
            </property>
        </properties>
        <testcase name="Given my-accounts page loaded properly" classname="as-a-customer-i-want-to-be-able-to-create,-change-and-delete-accounts.;renaming-an-account" time="5.0221901">
        </testcase>
        <testcase name="When I click the configure account I should get prompted to change the name" classname="as-a-customer-i-want-to-be-able-to-create,-change-and-delete-accounts.;renaming-an-account" time="1.1267607">
        </testcase>
        <testcase name="And when I enter TestKonto2 as name and I click the save changes button" classname="as-a-customer-i-want-to-be-able-to-create,-change-and-delete-accounts.;renaming-an-account" time="1.319064301">
        </testcase>
        <testcase name="Then TestKonto1 is renamed TestKonto2" classname="as-a-customer-i-want-to-be-able-to-create,-change-and-delete-accounts.;renaming-an-account" time="0.905147299">
        </testcase>
    </testsuite>
    <testsuite name="as-a-customer-i-want-to-be-able-to-create,-change-and-delete-accounts.;removing-an-existing-account" tests="3" failures="0" skipped="0">
        <properties>
            <property name="URI" value="C:/Users/Christoffer/Documents/Programmering/Gruppuppgift-Bank/Bank-master/features/konto_changes.feature">
            </property>
        </properties>
        <testcase name="Given my-accounts page loaded properly" classname="as-a-customer-i-want-to-be-able-to-create,-change-and-delete-accounts.;removing-an-existing-account" time="4.446739">
        </testcase>
        <testcase name="When I click the remove account button on Testkonto2" classname="as-a-customer-i-want-to-be-able-to-create,-change-and-delete-accounts.;removing-an-existing-account" time="0.972714999">
        </testcase>
        <testcase name="Then the account TestKonto2 should have been removed" classname="as-a-customer-i-want-to-be-able-to-create,-change-and-delete-accounts.;removing-an-existing-account" time="0.4836049">
        </testcase>
    </testsuite>
    <testsuite name="as-a-customer-i-want-to-see-a-summary-of-all-my-account-balances-and-my-last-five-transactions-(no-matter-which-account).;checking-#start-for-account-names,-messages-and-balance" tests="5" failures="0" skipped="0">
        <properties>
            <property name="URI" value="C:/Users/Christoffer/Documents/Programmering/Gruppuppgift-Bank/Bank-master/features/transaction-history.feature">
            </property>
        </properties>
        <testcase name="Given #Start page loaded properly" classname="as-a-customer-i-want-to-see-a-summary-of-all-my-account-balances-and-my-last-five-transactions-(no-matter-which-account).;checking-#start-for-account-names,-messages-and-balance" time="4.3853331">
        </testcase>
        <testcase name="When the page is loaded" classname="as-a-customer-i-want-to-see-a-summary-of-all-my-account-balances-and-my-last-five-transactions-(no-matter-which-account).;checking-#start-for-account-names,-messages-and-balance" time="0.00025">
        </testcase>
        <testcase name="Then I can see that Testkonto-03 balance is 50300" classname="as-a-customer-i-want-to-see-a-summary-of-all-my-account-balances-and-my-last-five-transactions-(no-matter-which-account).;checking-#start-for-account-names,-messages-and-balance" time="0.0649258">
        </testcase>
        <testcase name="And that Testkonto-03 under history has the message Större muta" classname="as-a-customer-i-want-to-see-a-summary-of-all-my-account-balances-and-my-last-five-transactions-(no-matter-which-account).;checking-#start-for-account-names,-messages-and-balance" time="0.0703851">
        </testcase>
        <testcase name="And it has 300 as sum" classname="as-a-customer-i-want-to-see-a-summary-of-all-my-account-balances-and-my-last-five-transactions-(no-matter-which-account).;checking-#start-for-account-names,-messages-and-balance" time="0.051145399">
        </testcase>
    </testsuite>
    <testsuite name="as-a-customer-i-want-to-transfer-money-between-my-own-accounts;transfer-100-sek-from-1st-account-to-2nd-account" tests="6" failures="0" skipped="0">
        <properties>
            <property name="URI" value="C:/Users/Christoffer/Documents/Programmering/Gruppuppgift-Bank/Bank-master/features/transaktioner_internt.feature">
            </property>
        </properties>
        <testcase name="Given transfermyaccount page loaded" classname="as-a-customer-i-want-to-transfer-money-between-my-own-accounts;transfer-100-sek-from-1st-account-to-2nd-account" time="5.291322499">
        </testcase>
        <testcase name="When I choose my 1st account as Konto" classname="as-a-customer-i-want-to-transfer-money-between-my-own-accounts;transfer-100-sek-from-1st-account-to-2nd-account" time="0.205136999">
        </testcase>
        <testcase name="And I enter amount 100 as Summa (SEK)" classname="as-a-customer-i-want-to-transfer-money-between-my-own-accounts;transfer-100-sek-from-1st-account-to-2nd-account" time="0.2593241">
        </testcase>
        <testcase name="And I choose my 2nd account as Konto" classname="as-a-customer-i-want-to-transfer-money-between-my-own-accounts;transfer-100-sek-from-1st-account-to-2nd-account" time="0.209571599">
        </testcase>
        <testcase name="And I click Utför" classname="as-a-customer-i-want-to-transfer-money-between-my-own-accounts;transfer-100-sek-from-1st-account-to-2nd-account" time="0.202489701">
        </testcase>
        <testcase name="Then 100 SEK should be moved from my 1st account to my 2nd account" classname="as-a-customer-i-want-to-transfer-money-between-my-own-accounts;transfer-100-sek-from-1st-account-to-2nd-account" time="0.5218003">
        </testcase>
    </testsuite>
</testsuites>